Not searching for unused variables given on the command line.
[36m--[0m The C compiler identification is GNU 7.5.0
[36m--[0m The CXX compiler identification is GNU 7.5.0
[36m--[0m Check for working C compiler: /usr/bin/cc
[36m--[0m Check for working C compiler: /usr/bin/cc -- works
[36m--[0m Detecting C compiler ABI info
[36m--[0m Detecting C compiler ABI info - done
[36m--[0m Detecting C compile features
[36m--[0m Detecting C compile features - done
[36m--[0m Check for working CXX compiler: /usr/bin/c++
[36m--[0m Check for working CXX compiler: /usr/bin/c++ -- works
[36m--[0m Detecting CXX compiler ABI info
[36m--[0m Detecting CXX compiler ABI info - done
[36m--[0m Detecting CXX compile features
[36m--[0m Detecting CXX compile features - done
[36m--[0m Using CATKIN_DEVEL_PREFIX: /home/advan/yhs_ws/control/src/yhs_can_control/devel/.private/catkin_tools_prebuild
[36m--[0m Using CMAKE_PREFIX_PATH: /home/advan/realsense_ws/devel;/opt/ros/melodic
[36m--[0m This workspace overlays: /home/advan/realsense_ws/devel;/opt/ros/melodic
[36m--[0m Found PythonInterp: /home/advan/yhs_ws/perception/src/yolo_d435i/src/yolov5_D435i/env/bin/python2 (found suitable version "2.7.17", minimum required is "2")
[36m--[0m Using PYTHON_EXECUTABLE: /home/advan/yhs_ws/perception/src/yolo_d435i/src/yolov5_D435i/env/bin/python2
[36m--[0m Using Debian Python package layout
[36m--[0m Using empy: /usr/bin/empy
[36m--[0m Using CATKIN_ENABLE_TESTING: ON
[36m--[0m Call enable_testing()
[36m--[0m Using CATKIN_TEST_RESULTS_DIR: /home/advan/yhs_ws/control/src/yhs_can_control/build/catkin_tools_prebuild/test_results
[36m--[0m Found gtest sources under '/usr/src/googletest': gtests will be built
[36m--[0m Found gmock sources under '/usr/src/googletest': gmock will be built
[36m--[0m Found PythonInterp: /home/advan/yhs_ws/perception/src/yolo_d435i/src/yolov5_D435i/env/bin/python2 (found version "2.7.17")
[36m--[0m Looking for pthread.h
[36m--[0m Looking for pthread.h - found
[36m--[0m Looking for pthread_create
[36m--[0m Looking for pthread_create - not found
[36m--[0m Looking for pthread_create in pthreads
[36m--[0m Looking for pthread_create in pthreads - not found
[36m--[0m Looking for pthread_create in pthread
[36m--[0m Looking for pthread_create in pthread - found
[36m--[0m Found Threads: TRUE
[36m--[0m Using Python nosetests: /usr/bin/nosetests-2.7
ImportError: "from catkin_pkg.package import parse_package" failed: No module named catkin_pkg.package
Make sure that you have installed "catkin_pkg", it is up to date and on the PYTHONPATH.
[31m[1mCMake Error[0m at /opt/ros/melodic/share/catkin/cmake/safe_execute_process.cmake:11 (message):

  execute_process(/home/advan/yhs_ws/perception/src/yolo_d435i/src/yolov5_D435i/env/bin/python2
  "/opt/ros/melodic/share/catkin/cmake/parse_package_xml.py"
  "/opt/ros/melodic/share/catkin/cmake/../package.xml"
  "/home/advan/yhs_ws/control/src/yhs_can_control/build/catkin_tools_prebuild/catkin/catkin_generated/version/package.cmake")
  returned error code 1
[36mCall Stack (most recent call first):[0m
  /opt/ros/melodic/share/catkin/cmake/catkin_package_xml.cmake:74 (safe_execute_process)
  /opt/ros/melodic/share/catkin/cmake/all.cmake:168 (_catkin_package_xml)
  /opt/ros/melodic/share/catkin/cmake/catkinConfig.cmake:20 (include)
  CMakeLists.txt:4 (find_package)


[36m--[0m Configuring incomplete, errors occurred!
See also "/home/advan/yhs_ws/control/src/yhs_can_control/build/catkin_tools_prebuild/CMakeFiles/CMakeOutput.log".
See also "/home/advan/yhs_ws/control/src/yhs_can_control/build/catkin_tools_prebuild/CMakeFiles/CMakeError.log".
